c:\users\oscar\desktop\gameproductions\gameproductions\debug\vc142.pdb
c:\users\oscar\desktop\gameproductions\gameproductions\debug\vc142.idb
c:\users\oscar\desktop\gameproductions\gameproductions\debug\vec3.obj
c:\users\oscar\desktop\gameproductions\gameproductions\debug\texturemanager.obj
c:\users\oscar\desktop\gameproductions\gameproductions\debug\scene.obj
c:\users\oscar\desktop\gameproductions\gameproductions\debug\main.obj
c:\users\oscar\desktop\gameproductions\gameproductions\debug\gameobject.obj
c:\users\oscar\desktop\gameproductions\gameproductions\debug\game.obj
c:\users\oscar\desktop\gameproductions\gameproductions\debug\body.obj
c:\users\oscar\desktop\gameproductions\gameproductions\debug\map.obj
c:\users\oscar\desktop\gameproductions\gameproductions\debug\collision.obj
c:\users\oscar\desktop\gameproductions\gameproductions\debug\vector2d.obj
c:\users\oscar\desktop\gameproductions\debug\gameproductions.exe
c:\users\oscar\desktop\gameproductions\debug\gameproductions.ilk
c:\users\oscar\desktop\gameproductions\debug\gameproductions.pdb
c:\users\oscar\desktop\gameproductions\gameproductions\debug\gameproductions.tlog\cl.command.1.tlog
c:\users\oscar\desktop\gameproductions\gameproductions\debug\gameproductions.tlog\cl.read.1.tlog
c:\users\oscar\desktop\gameproductions\gameproductions\debug\gameproductions.tlog\cl.write.1.tlog
c:\users\oscar\desktop\gameproductions\gameproductions\debug\gameproductions.tlog\link.command.1.tlog
c:\users\oscar\desktop\gameproductions\gameproductions\debug\gameproductions.tlog\link.read.1.tlog
c:\users\oscar\desktop\gameproductions\gameproductions\debug\gameproductions.tlog\link.write.1.tlog
